# JRE version: OpenJDK Runtime Environment (15.0.2+7) (build 15.0.2+7-27)
# Java VM: OpenJDK 64-Bit Server VM (15.0.2+7-27, mixed mode, tiered, compressed oops, g1 gc, windows-amd64)
GC Precious Log:
 CPUs: 8 total, 8 available
 Memory: 16162M
 Large Page Support: Disabled
 NUMA Support: Disabled
 Compressed Oops: Enabled (Zero based)
 Heap Region Size: 2M
 Heap Min Capacity: 8M
 Heap Initial Capacity: 254M
 Heap Max Capacity: 4042M
 Pre-touch: Disabled
 Parallel Workers: 8
 Concurrent Workers: 2
 Concurrent Refinement Workers: 8
 Periodic GC: Disabled
Heap:
 garbage-first heap   total 69632K, used 51411K [0x0000000703600000, 0x0000000800000000)
  region size 2048K, 11 young (22528K), 1 survivors (2048K)
 Metaspace       used 35186K, capacity 35397K, committed 35708K, reserved 1081344K
  class space    used 3553K, capacity 3623K, committed 3788K, reserved 1048576K
GC Heap History (20 events):
Event: 1673.322 GC heap before
{Heap before GC invocations=46 (full 0):
 garbage-first heap   total 69632K, used 56185K [0x0000000703600000, 0x0000000800000000)
  region size 2048K, 13 young (26624K), 1 survivors (2048K)
 Metaspace       used 35108K, capacity 35384K, committed 35708K, reserved 1081344K
  class space    used 3576K, capacity 3675K, committed 3788K, reserved 1048576K
}
Event: 1673.325 GC heap after
{Heap after GC invocations=47 (full 0):
 garbage-first heap   total 69632K, used 31609K [0x0000000703600000, 0x0000000800000000)
  region size 2048K, 1 young (2048K), 1 survivors (2048K)
 Metaspace       used 35108K, capacity 35384K, committed 35708K, reserved 1081344K
  class space    used 3576K, capacity 3675K, committed 3788K, reserved 1048576K
}
Event: 1707.408 GC heap before
{Heap before GC invocations=47 (full 0):
 garbage-first heap   total 69632K, used 56185K [0x0000000703600000, 0x0000000800000000)
  region size 2048K, 13 young (26624K), 1 survivors (2048K)
 Metaspace       used 35108K, capacity 35384K, committed 35708K, reserved 1081344K
  class space    used 3576K, capacity 3675K, committed 3788K, reserved 1048576K
}
Event: 1707.411 GC heap after
{Heap after GC invocations=48 (full 0):
 garbage-first heap   total 69632K, used 31618K [0x0000000703600000, 0x0000000800000000)
  region size 2048K, 1 young (2048K), 1 survivors (2048K)
 Metaspace       used 35108K, capacity 35384K, committed 35708K, reserved 1081344K
  class space    used 3576K, capacity 3675K, committed 3788K, reserved 1048576K
}
Event: 2071.042 GC heap before
{Heap before GC invocations=49 (full 0):
 garbage-first heap   total 69632K, used 56194K [0x0000000703600000, 0x0000000800000000)
  region size 2048K, 13 young (26624K), 1 survivors (2048K)
 Metaspace       used 35132K, capacity 35384K, committed 35708K, reserved 1081344K
  class space    used 3578K, capacity 3675K, committed 3788K, reserved 1048576K
}
Event: 2071.045 GC heap after
{Heap after GC invocations=50 (full 0):
 garbage-first heap   total 69632K, used 32512K [0x0000000703600000, 0x0000000800000000)
  region size 2048K, 1 young (2048K), 1 survivors (2048K)
 Metaspace       used 35132K, capacity 35384K, committed 35708K, reserved 1081344K
  class space    used 3578K, capacity 3675K, committed 3788K, reserved 1048576K
}
Event: 2101.689 GC heap before
{Heap before GC invocations=50 (full 0):
 garbage-first heap   total 69632K, used 57088K [0x0000000703600000, 0x0000000800000000)
  region size 2048K, 13 young (26624K), 1 survivors (2048K)
 Metaspace       used 35135K, capacity 35384K, committed 35708K, reserved 1081344K
  class space    used 3578K, capacity 3675K, committed 3788K, reserved 1048576K
}
Event: 2101.695 GC heap after
{Heap after GC invocations=51 (full 0):
 garbage-first heap   total 69632K, used 32770K [0x0000000703600000, 0x0000000800000000)
  region size 2048K, 1 young (2048K), 1 survivors (2048K)
 Metaspace       used 35135K, capacity 35384K, committed 35708K, reserved 1081344K
  class space    used 3578K, capacity 3675K, committed 3788K, reserved 1048576K
}
Event: 2136.140 GC heap before
{Heap before GC invocations=52 (full 0):
 garbage-first heap   total 69632K, used 57346K [0x0000000703600000, 0x0000000800000000)
  region size 2048K, 13 young (26624K), 1 survivors (2048K)
 Metaspace       used 35135K, capacity 35384K, committed 35708K, reserved 1081344K
  class space    used 3578K, capacity 3675K, committed 3788K, reserved 1048576K
}
Event: 2136.145 GC heap after
{Heap after GC invocations=53 (full 0):
 garbage-first heap   total 69632K, used 32779K [0x0000000703600000, 0x0000000800000000)
  region size 2048K, 1 young (2048K), 1 survivors (2048K)
 Metaspace       used 35135K, capacity 35384K, committed 35708K, reserved 1081344K
  class space    used 3578K, capacity 3675K, committed 3788K, reserved 1048576K
}
Event: 5654.055 GC heap before
{Heap before GC invocations=53 (full 0):
 garbage-first heap   total 69632K, used 57355K [0x0000000703600000, 0x0000000800000000)
  region size 2048K, 13 young (26624K), 1 survivors (2048K)
 Metaspace       used 35136K, capacity 35384K, committed 35708K, reserved 1081344K
  class space    used 3578K, capacity 3675K, committed 3788K, reserved 1048576K
}
Event: 5654.059 GC heap after
{Heap after GC invocations=54 (full 0):
 garbage-first heap   total 69632K, used 32702K [0x0000000703600000, 0x0000000800000000)
  region size 2048K, 1 young (2048K), 1 survivors (2048K)
 Metaspace       used 35136K, capacity 35384K, committed 35708K, reserved 1081344K
  class space    used 3578K, capacity 3675K, committed 3788K, reserved 1048576K
}
Event: 5666.221 GC heap before
{Heap before GC invocations=55 (full 0):
 garbage-first heap   total 69632K, used 55230K [0x0000000703600000, 0x0000000800000000)
  region size 2048K, 13 young (26624K), 1 survivors (2048K)
 Metaspace       used 35040K, capacity 35266K, committed 35708K, reserved 1081344K
  class space    used 3551K, capacity 3622K, committed 3788K, reserved 1048576K
}
Event: 5666.224 GC heap after
{Heap after GC invocations=56 (full 0):
 garbage-first heap   total 69632K, used 32972K [0x0000000703600000, 0x0000000800000000)
  region size 2048K, 1 young (2048K), 1 survivors (2048K)
 Metaspace       used 35040K, capacity 35266K, committed 35708K, reserved 1081344K
  class space    used 3551K, capacity 3622K, committed 3788K, reserved 1048576K
}
Event: 6116.072 GC heap before
{Heap before GC invocations=56 (full 0):
 garbage-first heap   total 69632K, used 55500K [0x0000000703600000, 0x0000000800000000)
  region size 2048K, 12 young (24576K), 1 survivors (2048K)
 Metaspace       used 35172K, capacity 35397K, committed 35708K, reserved 1081344K
  class space    used 3553K, capacity 3623K, committed 3788K, reserved 1048576K
}
Event: 6116.076 GC heap after
{Heap after GC invocations=57 (full 0):
 garbage-first heap   total 69632K, used 33641K [0x0000000703600000, 0x0000000800000000)
  region size 2048K, 2 young (4096K), 2 survivors (4096K)
 Metaspace       used 35172K, capacity 35397K, committed 35708K, reserved 1081344K
  class space    used 3553K, capacity 3623K, committed 3788K, reserved 1048576K
}
Event: 6131.494 GC heap before
{Heap before GC invocations=58 (full 0):
 garbage-first heap   total 69632K, used 52073K [0x0000000703600000, 0x0000000800000000)
  region size 2048K, 12 young (24576K), 2 survivors (4096K)
 Metaspace       used 35175K, capacity 35397K, committed 35708K, reserved 1081344K
  class space    used 3553K, capacity 3623K, committed 3788K, reserved 1048576K
}
Event: 6131.496 GC heap after
{Heap after GC invocations=59 (full 0):
 garbage-first heap   total 69632K, used 33423K [0x0000000703600000, 0x0000000800000000)
  region size 2048K, 1 young (2048K), 1 survivors (2048K)
 Metaspace       used 35175K, capacity 35397K, committed 35708K, reserved 1081344K
  class space    used 3553K, capacity 3623K, committed 3788K, reserved 1048576K
}
Event: 6199.054 GC heap before
{Heap before GC invocations=59 (full 0):
 garbage-first heap   total 69632K, used 53903K [0x0000000703600000, 0x0000000800000000)
  region size 2048K, 12 young (24576K), 1 survivors (2048K)
 Metaspace       used 35186K, capacity 35397K, committed 35708K, reserved 1081344K
  class space    used 3553K, capacity 3623K, committed 3788K, reserved 1048576K
}
Event: 6199.055 GC heap after
{Heap after GC invocations=60 (full 0):
 garbage-first heap   total 69632K, used 32979K [0x0000000703600000, 0x0000000800000000)
  region size 2048K, 1 young (2048K), 1 survivors (2048K)
 Metaspace       used 35186K, capacity 35397K, committed 35708K, reserved 1081344K
  class space    used 3553K, capacity 3623K, committed 3788K, reserved 1048576K
}

