# JRE version: OpenJDK Runtime Environment (15.0.2+7) (build 15.0.2+7-27)
# Java VM: OpenJDK 64-Bit Server VM (15.0.2+7-27, mixed mode, tiered, compressed oops, g1 gc, windows-amd64)
GC Precious Log:
 CPUs: 8 total, 8 available
 Memory: 16162M
 Large Page Support: Disabled
 NUMA Support: Disabled
 Compressed Oops: Enabled (Zero based)
 Heap Region Size: 2M
 Heap Min Capacity: 8M
 Heap Initial Capacity: 254M
 Heap Max Capacity: 4042M
 Pre-touch: Disabled
 Parallel Workers: 8
 Concurrent Workers: 2
 Concurrent Refinement Workers: 8
 Periodic GC: Disabled
Heap:
 garbage-first heap   total 83968K, used 64710K [0x0000000703600000, 0x0000000800000000)
  region size 2048K, 16 young (32768K), 2 survivors (4096K)
 Metaspace       used 36553K, capacity 36731K, committed 37040K, reserved 1083392K
  class space    used 3652K, capacity 3724K, committed 3840K, reserved 1048576K
GC Heap History (20 events):
Event: 9788.881 GC heap before
{Heap before GC invocations=50 (full 0):
 garbage-first heap   total 83968K, used 52414K [0x0000000703600000, 0x0000000800000000)
  region size 2048K, 11 young (22528K), 1 survivors (2048K)
 Metaspace       used 36296K, capacity 36508K, committed 36784K, reserved 1083392K
  class space    used 3652K, capacity 3711K, committed 3840K, reserved 1048576K
}
Event: 9788.882 GC heap after
{Heap after GC invocations=51 (full 0):
 garbage-first heap   total 83968K, used 33747K [0x0000000703600000, 0x0000000800000000)
  region size 2048K, 1 young (2048K), 1 survivors (2048K)
 Metaspace       used 36296K, capacity 36508K, committed 36784K, reserved 1083392K
  class space    used 3652K, capacity 3711K, committed 3840K, reserved 1048576K
}
Event: 9833.738 GC heap before
{Heap before GC invocations=52 (full 0):
 garbage-first heap   total 83968K, used 43987K [0x0000000703600000, 0x0000000800000000)
  region size 2048K, 5 young (10240K), 1 survivors (2048K)
 Metaspace       used 36304K, capacity 36508K, committed 36784K, reserved 1083392K
  class space    used 3653K, capacity 3711K, committed 3840K, reserved 1048576K
}
Event: 9833.742 GC heap after
{Heap after GC invocations=53 (full 0):
 garbage-first heap   total 83968K, used 38287K [0x0000000703600000, 0x0000000800000000)
  region size 2048K, 1 young (2048K), 1 survivors (2048K)
 Metaspace       used 36304K, capacity 36508K, committed 36784K, reserved 1083392K
  class space    used 3653K, capacity 3711K, committed 3840K, reserved 1048576K
}
Event: 11384.016 GC heap before
{Heap before GC invocations=54 (full 0):
 garbage-first heap   total 83968K, used 46479K [0x0000000703600000, 0x0000000800000000)
  region size 2048K, 6 young (12288K), 1 survivors (2048K)
 Metaspace       used 36324K, capacity 36508K, committed 36784K, reserved 1083392K
  class space    used 3653K, capacity 3711K, committed 3840K, reserved 1048576K
}
Event: 11384.019 GC heap after
{Heap after GC invocations=55 (full 0):
 garbage-first heap   total 83968K, used 35481K [0x0000000703600000, 0x0000000800000000)
  region size 2048K, 1 young (2048K), 1 survivors (2048K)
 Metaspace       used 36324K, capacity 36508K, committed 36784K, reserved 1083392K
  class space    used 3653K, capacity 3711K, committed 3840K, reserved 1048576K
}
Event: 11416.954 GC heap before
{Heap before GC invocations=56 (full 0):
 garbage-first heap   total 83968K, used 70297K [0x0000000703600000, 0x0000000800000000)
  region size 2048K, 16 young (32768K), 1 survivors (2048K)
 Metaspace       used 36325K, capacity 36508K, committed 36784K, reserved 1083392K
  class space    used 3653K, capacity 3711K, committed 3840K, reserved 1048576K
}
Event: 11416.960 GC heap after
{Heap after GC invocations=57 (full 0):
 garbage-first heap   total 83968K, used 39514K [0x0000000703600000, 0x0000000800000000)
  region size 2048K, 1 young (2048K), 1 survivors (2048K)
 Metaspace       used 36325K, capacity 36508K, committed 36784K, reserved 1083392K
  class space    used 3653K, capacity 3711K, committed 3840K, reserved 1048576K
}
Event: 11452.087 GC heap before
{Heap before GC invocations=57 (full 0):
 garbage-first heap   total 83968K, used 68186K [0x0000000703600000, 0x0000000800000000)
  region size 2048K, 15 young (30720K), 1 survivors (2048K)
 Metaspace       used 36325K, capacity 36508K, committed 36784K, reserved 1083392K
  class space    used 3653K, capacity 3711K, committed 3840K, reserved 1048576K
}
Event: 11452.092 GC heap after
{Heap after GC invocations=58 (full 0):
 garbage-first heap   total 83968K, used 35546K [0x0000000703600000, 0x0000000800000000)
  region size 2048K, 1 young (2048K), 1 survivors (2048K)
 Metaspace       used 36325K, capacity 36508K, committed 36784K, reserved 1083392K
  class space    used 3653K, capacity 3711K, committed 3840K, reserved 1048576K
}
Event: 11489.044 GC heap before
{Heap before GC invocations=59 (full 0):
 garbage-first heap   total 83968K, used 66266K [0x0000000703600000, 0x0000000800000000)
  region size 2048K, 17 young (34816K), 1 survivors (2048K)
 Metaspace       used 36331K, capacity 36508K, committed 36784K, reserved 1083392K
  class space    used 3653K, capacity 3711K, committed 3840K, reserved 1048576K
}
Event: 11489.047 GC heap after
{Heap after GC invocations=60 (full 0):
 garbage-first heap   total 83968K, used 35545K [0x0000000703600000, 0x0000000800000000)
  region size 2048K, 1 young (2048K), 1 survivors (2048K)
 Metaspace       used 36331K, capacity 36508K, committed 36784K, reserved 1083392K
  class space    used 3653K, capacity 3711K, committed 3840K, reserved 1048576K
}
Event: 11504.409 GC heap before
{Heap before GC invocations=60 (full 0):
 garbage-first heap   total 83968K, used 56025K [0x0000000703600000, 0x0000000800000000)
  region size 2048K, 13 young (26624K), 1 survivors (2048K)
 Metaspace       used 36342K, capacity 36508K, committed 36784K, reserved 1083392K
  class space    used 3653K, capacity 3711K, committed 3840K, reserved 1048576K
}
Event: 11504.411 GC heap after
{Heap after GC invocations=61 (full 0):
 garbage-first heap   total 83968K, used 35442K [0x0000000703600000, 0x0000000800000000)
  region size 2048K, 1 young (2048K), 1 survivors (2048K)
 Metaspace       used 36342K, capacity 36508K, committed 36784K, reserved 1083392K
  class space    used 3653K, capacity 3711K, committed 3840K, reserved 1048576K
}
Event: 40043.475 GC heap before
{Heap before GC invocations=62 (full 0):
 garbage-first heap   total 83968K, used 70258K [0x0000000703600000, 0x0000000800000000)
  region size 2048K, 17 young (34816K), 1 survivors (2048K)
 Metaspace       used 36537K, capacity 36796K, committed 37040K, reserved 1083392K
  class space    used 3661K, capacity 3743K, committed 3840K, reserved 1048576K
}
Event: 40043.478 GC heap after
{Heap after GC invocations=63 (full 0):
 garbage-first heap   total 83968K, used 39662K [0x0000000703600000, 0x0000000800000000)
  region size 2048K, 1 young (2048K), 1 survivors (2048K)
 Metaspace       used 36537K, capacity 36796K, committed 37040K, reserved 1083392K
  class space    used 3661K, capacity 3743K, committed 3840K, reserved 1048576K
}
Event: 40048.848 GC heap before
{Heap before GC invocations=63 (full 0):
 garbage-first heap   total 83968K, used 68334K [0x0000000703600000, 0x0000000800000000)
  region size 2048K, 15 young (30720K), 1 survivors (2048K)
 Metaspace       used 36586K, capacity 36796K, committed 37040K, reserved 1083392K
  class space    used 3661K, capacity 3743K, committed 3840K, reserved 1048576K
}
Event: 40048.850 GC heap after
{Heap after GC invocations=64 (full 0):
 garbage-first heap   total 83968K, used 35522K [0x0000000703600000, 0x0000000800000000)
  region size 2048K, 1 young (2048K), 1 survivors (2048K)
 Metaspace       used 36586K, capacity 36796K, committed 37040K, reserved 1083392K
  class space    used 3661K, capacity 3743K, committed 3840K, reserved 1048576K
}
Event: 40133.909 GC heap before
{Heap before GC invocations=65 (full 0):
 garbage-first heap   total 83968K, used 43714K [0x0000000703600000, 0x0000000800000000)
  region size 2048K, 6 young (12288K), 1 survivors (2048K)
 Metaspace       used 36548K, capacity 36731K, committed 37040K, reserved 1083392K
  class space    used 3652K, capacity 3724K, committed 3840K, reserved 1048576K
}
Event: 40133.921 GC heap after
{Heap after GC invocations=66 (full 0):
 garbage-first heap   total 83968K, used 36038K [0x0000000703600000, 0x0000000800000000)
  region size 2048K, 2 young (4096K), 2 survivors (4096K)
 Metaspace       used 36548K, capacity 36731K, committed 37040K, reserved 1083392K
  class space    used 3652K, capacity 3724K, committed 3840K, reserved 1048576K
}

