# JRE version: OpenJDK Runtime Environment (15.0.2+7) (build 15.0.2+7-27)
# Java VM: OpenJDK 64-Bit Server VM (15.0.2+7-27, mixed mode, tiered, compressed oops, g1 gc, windows-amd64)
GC Precious Log:
 CPUs: 8 total, 8 available
 Memory: 16162M
 Large Page Support: Disabled
 NUMA Support: Disabled
 Compressed Oops: Enabled (Zero based)
 Heap Region Size: 2M
 Heap Min Capacity: 8M
 Heap Initial Capacity: 254M
 Heap Max Capacity: 4042M
 Pre-touch: Disabled
 Parallel Workers: 8
 Concurrent Workers: 2
 Concurrent Refinement Workers: 8
 Periodic GC: Disabled
Heap:
 garbage-first heap   total 116736K, used 42478K [0x0000000703600000, 0x0000000800000000)
  region size 2048K, 3 young (6144K), 2 survivors (4096K)
 Metaspace       used 35934K, capacity 36138K, committed 36480K, reserved 1081344K
  class space    used 3584K, capacity 3656K, committed 3712K, reserved 1048576K
GC Heap History (20 events):
Event: 12202.496 GC heap before
{Heap before GC invocations=155 (full 0):
 garbage-first heap   total 116736K, used 100134K [0x0000000703600000, 0x0000000800000000)
  region size 2048K, 30 young (61440K), 1 survivors (2048K)
 Metaspace       used 35763K, capacity 35945K, committed 36224K, reserved 1081344K
  class space    used 3582K, capacity 3656K, committed 3712K, reserved 1048576K
}
Event: 12202.501 GC heap after
{Heap after GC invocations=156 (full 0):
 garbage-first heap   total 116736K, used 40728K [0x0000000703600000, 0x0000000800000000)
  region size 2048K, 1 young (2048K), 1 survivors (2048K)
 Metaspace       used 35763K, capacity 35945K, committed 36224K, reserved 1081344K
  class space    used 3582K, capacity 3656K, committed 3712K, reserved 1048576K
}
Event: 12276.233 GC heap before
{Heap before GC invocations=157 (full 0):
 garbage-first heap   total 116736K, used 100120K [0x0000000703600000, 0x0000000800000000)
  region size 2048K, 30 young (61440K), 1 survivors (2048K)
 Metaspace       used 35763K, capacity 35945K, committed 36224K, reserved 1081344K
  class space    used 3582K, capacity 3656K, committed 3712K, reserved 1048576K
}
Event: 12276.239 GC heap after
{Heap after GC invocations=158 (full 0):
 garbage-first heap   total 116736K, used 40723K [0x0000000703600000, 0x0000000800000000)
  region size 2048K, 1 young (2048K), 1 survivors (2048K)
 Metaspace       used 35763K, capacity 35945K, committed 36224K, reserved 1081344K
  class space    used 3582K, capacity 3656K, committed 3712K, reserved 1048576K
}
Event: 12347.844 GC heap before
{Heap before GC invocations=158 (full 0):
 garbage-first heap   total 116736K, used 100115K [0x0000000703600000, 0x0000000800000000)
  region size 2048K, 30 young (61440K), 1 survivors (2048K)
 Metaspace       used 35763K, capacity 35945K, committed 36224K, reserved 1081344K
  class space    used 3582K, capacity 3656K, committed 3712K, reserved 1048576K
}
Event: 12347.848 GC heap after
{Heap after GC invocations=159 (full 0):
 garbage-first heap   total 116736K, used 40734K [0x0000000703600000, 0x0000000800000000)
  region size 2048K, 1 young (2048K), 1 survivors (2048K)
 Metaspace       used 35763K, capacity 35945K, committed 36224K, reserved 1081344K
  class space    used 3582K, capacity 3656K, committed 3712K, reserved 1048576K
}
Event: 12419.504 GC heap before
{Heap before GC invocations=160 (full 0):
 garbage-first heap   total 116736K, used 100126K [0x0000000703600000, 0x0000000800000000)
  region size 2048K, 30 young (61440K), 1 survivors (2048K)
 Metaspace       used 35763K, capacity 35945K, committed 36224K, reserved 1081344K
  class space    used 3582K, capacity 3656K, committed 3712K, reserved 1048576K
}
Event: 12419.510 GC heap after
{Heap after GC invocations=161 (full 0):
 garbage-first heap   total 116736K, used 40739K [0x0000000703600000, 0x0000000800000000)
  region size 2048K, 1 young (2048K), 1 survivors (2048K)
 Metaspace       used 35763K, capacity 35945K, committed 36224K, reserved 1081344K
  class space    used 3582K, capacity 3656K, committed 3712K, reserved 1048576K
}
Event: 12491.679 GC heap before
{Heap before GC invocations=161 (full 0):
 garbage-first heap   total 116736K, used 100131K [0x0000000703600000, 0x0000000800000000)
  region size 2048K, 30 young (61440K), 1 survivors (2048K)
 Metaspace       used 35763K, capacity 35945K, committed 36224K, reserved 1081344K
  class space    used 3582K, capacity 3656K, committed 3712K, reserved 1048576K
}
Event: 12491.683 GC heap after
{Heap after GC invocations=162 (full 0):
 garbage-first heap   total 116736K, used 40739K [0x0000000703600000, 0x0000000800000000)
  region size 2048K, 1 young (2048K), 1 survivors (2048K)
 Metaspace       used 35763K, capacity 35945K, committed 36224K, reserved 1081344K
  class space    used 3582K, capacity 3656K, committed 3712K, reserved 1048576K
}
Event: 12564.452 GC heap before
{Heap before GC invocations=163 (full 0):
 garbage-first heap   total 116736K, used 100131K [0x0000000703600000, 0x0000000800000000)
  region size 2048K, 30 young (61440K), 1 survivors (2048K)
 Metaspace       used 35918K, capacity 36073K, committed 36480K, reserved 1081344K
  class space    used 3584K, capacity 3656K, committed 3712K, reserved 1048576K
}
Event: 12564.455 GC heap after
{Heap after GC invocations=164 (full 0):
 garbage-first heap   total 116736K, used 40724K [0x0000000703600000, 0x0000000800000000)
  region size 2048K, 1 young (2048K), 1 survivors (2048K)
 Metaspace       used 35918K, capacity 36073K, committed 36480K, reserved 1081344K
  class space    used 3584K, capacity 3656K, committed 3712K, reserved 1048576K
}
Event: 12616.630 GC heap before
{Heap before GC invocations=164 (full 0):
 garbage-first heap   total 116736K, used 89876K [0x0000000703600000, 0x0000000800000000)
  region size 2048K, 26 young (53248K), 1 survivors (2048K)
 Metaspace       used 35922K, capacity 36137K, committed 36480K, reserved 1081344K
  class space    used 3584K, capacity 3656K, committed 3712K, reserved 1048576K
}
Event: 12616.634 GC heap after
{Heap after GC invocations=165 (full 0):
 garbage-first heap   total 116736K, used 42366K [0x0000000703600000, 0x0000000800000000)
  region size 2048K, 1 young (2048K), 1 survivors (2048K)
 Metaspace       used 35922K, capacity 36137K, committed 36480K, reserved 1081344K
  class space    used 3584K, capacity 3656K, committed 3712K, reserved 1048576K
}
Event: 12623.852 GC heap before
{Heap before GC invocations=166 (full 0):
 garbage-first heap   total 116736K, used 44414K [0x0000000703600000, 0x0000000800000000)
  region size 2048K, 3 young (6144K), 1 survivors (2048K)
 Metaspace       used 35933K, capacity 36138K, committed 36480K, reserved 1081344K
  class space    used 3584K, capacity 3656K, committed 3712K, reserved 1048576K
}
Event: 12623.859 GC heap after
{Heap after GC invocations=167 (full 0):
 garbage-first heap   total 116736K, used 42282K [0x0000000703600000, 0x0000000800000000)
  region size 2048K, 1 young (2048K), 1 survivors (2048K)
 Metaspace       used 35933K, capacity 36138K, committed 36480K, reserved 1081344K
  class space    used 3584K, capacity 3656K, committed 3712K, reserved 1048576K
}
Event: 12627.183 GC heap before
{Heap before GC invocations=168 (full 0):
 garbage-first heap   total 116736K, used 46378K [0x0000000703600000, 0x0000000800000000)
  region size 2048K, 3 young (6144K), 1 survivors (2048K)
 Metaspace       used 35933K, capacity 36138K, committed 36480K, reserved 1081344K
  class space    used 3584K, capacity 3656K, committed 3712K, reserved 1048576K
}
Event: 12627.189 GC heap after
{Heap after GC invocations=169 (full 0):
 garbage-first heap   total 116736K, used 42309K [0x0000000703600000, 0x0000000800000000)
  region size 2048K, 1 young (2048K), 1 survivors (2048K)
 Metaspace       used 35933K, capacity 36138K, committed 36480K, reserved 1081344K
  class space    used 3584K, capacity 3656K, committed 3712K, reserved 1048576K
}
Event: 12678.891 GC heap before
{Heap before GC invocations=170 (full 0):
 garbage-first heap   total 116736K, used 101701K [0x0000000703600000, 0x0000000800000000)
  region size 2048K, 29 young (59392K), 1 survivors (2048K)
 Metaspace       used 35934K, capacity 36138K, committed 36480K, reserved 1081344K
  class space    used 3584K, capacity 3656K, committed 3712K, reserved 1048576K
}
Event: 12678.904 GC heap after
{Heap after GC invocations=171 (full 0):
 garbage-first heap   total 116736K, used 42478K [0x0000000703600000, 0x0000000800000000)
  region size 2048K, 2 young (4096K), 2 survivors (4096K)
 Metaspace       used 35934K, capacity 36138K, committed 36480K, reserved 1081344K
  class space    used 3584K, capacity 3656K, committed 3712K, reserved 1048576K
}

